{
  "stats": {
    "suites": 1,
    "tests": 2,
    "passes": 2,
    "pending": 0,
    "failures": 0,
    "start": "2022-05-09T09:34:49.171Z",
    "end": "2022-05-09T09:39:45.741Z",
    "duration": 296570,
    "testsRegistered": 2,
    "passPercent": 100,
    "pendingPercent": 0,
    "other": 0,
    "hasOther": false,
    "skipped": 0,
    "hasSkipped": false
  },
  "results": [
    {
      "uuid": "b7202a7b-c2fd-422c-930f-e3c3e834819f",
      "title": "",
      "fullFile": "cypress/integration/Amazon/E2EFramework.js",
      "file": "cypress/integration/Amazon/E2EFramework.js",
      "beforeHooks": [],
      "afterHooks": [],
      "tests": [],
      "suites": [
        {
          "uuid": "b6e5044f-003c-46c3-88c5-a52cdcf12890",
          "title": "Amazon Testing ",
          "fullFile": "",
          "file": "",
          "beforeHooks": [],
          "afterHooks": [],
          "tests": [
            {
              "title": "searching order and adding to cart",
              "fullTitle": "Amazon Testing  searching order and adding to cart",
              "timedOut": null,
              "duration": 207521,
              "state": "passed",
              "speed": "slow",
              "pass": true,
              "fail": false,
              "pending": false,
              "context": null,
              "code": "const addtocartPage = new _AddtocartPage.default();\naddtocartPage.getSearchbox().type(UserData.searchiteam);\naddtocartPage.getSearchclick().click();\naddtocartPage.getremoveattr().eq(0).invoke('removeAttr', 'target').click();\naddtocartPage.getaddTocart().click();\naddtocartPage.getaddTocartValidation().contains(UserData.cartvalidation);",
              "err": {},
              "uuid": "a4b80b1c-3b67-4a9c-8211-1a785a6c77b8",
              "parentUUID": "b6e5044f-003c-46c3-88c5-a52cdcf12890",
              "isHook": false,
              "skipped": false
            },
            {
              "title": "procede to checkout",
              "fullTitle": "Amazon Testing  procede to checkout",
              "timedOut": null,
              "duration": 81949,
              "state": "passed",
              "speed": "slow",
              "pass": true,
              "fail": false,
              "pending": false,
              "context": null,
              "code": "const procedetobuypage = new _ProceedtoBuyPage.default();\nprocedetobuypage.getcheckoutbtnclick().click();\nprocedetobuypage.getProccedTocheckout().click();\nprocedetobuypage.getcheckoutValidation().contains(UserData.deliveryaddress);\nprocedetobuypage.getRadiobtn().eq(1).check().should('be.checked');",
              "err": {},
              "uuid": "cbdcdc2a-5e7c-4e36-bb1e-ac866ecd13ec",
              "parentUUID": "b6e5044f-003c-46c3-88c5-a52cdcf12890",
              "isHook": false,
              "skipped": false
            }
          ],
          "suites": [],
          "passes": [
            "a4b80b1c-3b67-4a9c-8211-1a785a6c77b8",
            "cbdcdc2a-5e7c-4e36-bb1e-ac866ecd13ec"
          ],
          "failures": [],
          "pending": [],
          "skipped": [],
          "duration": 289470,
          "root": false,
          "rootEmpty": false,
          "_timeout": 2000
        }
      ],
      "passes": [],
      "failures": [],
      "pending": [],
      "skipped": [],
      "duration": 0,
      "root": true,
      "rootEmpty": true,
      "_timeout": 2000
    }
  ],
  "meta": {
    "mocha": {
      "version": "7.0.1"
    },
    "mochawesome": {
      "options": {
        "quiet": false,
        "reportFilename": "mochawesome",
        "saveHtml": true,
        "saveJson": true,
        "consoleReporter": "spec",
        "useInlineDiffs": false,
        "code": true
      },
      "version": "7.1.3"
    },
    "marge": {
      "options": null,
      "version": "6.2.0"
    }
  }
}